
> receiptly-react@0.1.0 start
> react-scripts start

(node:13154) [DEP0176] DeprecationWarning: fs.F_OK is deprecated, use fs.constants.F_OK instead
(Use `node --trace-deprecation ...` to show where the warning was created)
(node:13154) [DEP_WEBPACK_DEV_SERVER_ON_AFTER_SETUP_MIDDLEWARE] DeprecationWarning: 'onAfterSetupMiddleware' option is deprecated. Please use the 'setupMiddlewares' option.
(node:13154) [DEP_WEBPACK_DEV_SERVER_ON_BEFORE_SETUP_MIDDLEWARE] DeprecationWarning: 'onBeforeSetupMiddleware' option is deprecated. Please use the 'setupMiddlewares' option.
Starting the development server...

Compiled successfully!

You can now view receiptly-react in the browser.

  Local:            http://localhost:3000
  On Your Network:  http://10.108.96.73:3000

Note that the development build is not optimized.
To create a production build, use npm run build.

webpack compiled successfully
Files successfully emitted, waiting for typecheck results...
Issues checking in progress...
No issues found.
Compiling...

🌼   daisyUI 4.12.10
├─ ✔︎ 1 theme added		https://daisyui.com/docs/themes
╰─ ❤︎ Support daisyUI project:	https://opencollective.com/daisyui

Compiled successfully!
webpack compiled successfully
No issues found.
